<?xml version="1.0" encoding="UTF-8"?>
<!-- Generated by org.testng.reporters.JUnitReportReporter -->
<testsuite hostname="DESKTOP-4Q8IVI3" failures="0" tests="2" name="com.test.RestAssured" time="4.966" errors="0" timestamp="2023-11-03T09:58:50 IST" skipped="0">
  <testcase classname="com.test.RestAssured" name="testRegisterAPI" time="4.104"/>
  <system-out/>
  <testcase classname="com.test.RestAssured" name="testRegisterAPI" time="0.862"/>
  <system-out/>
</testsuite> <!-- com.test.RestAssured -->
