<?xml version="1.0" encoding="UTF-8"?>
<!-- Generated by org.testng.reporters.JUnitReportReporter -->
<testsuite hostname="DESKTOP-4Q8IVI3" failures="0" tests="7" name="com.test.TestNG_Annotations" time="68.373" errors="0" timestamp="2023-10-24T15:07:45 IST" skipped="0">
  <testcase classname="com.test.TestNG_Annotations" name="testRequestDemoButton" time="40.399"/>
  <system-out/>
  <testcase classname="com.test.TestNG_Annotations" name="testSolutions" time="3.293"/>
  <system-out/>
  <testcase classname="com.test.TestNG_Annotations" name="testLogo" time="0.433"/>
  <system-out/>
  <testcase classname="com.test.TestNG_Annotations" name="testProducts" time="3.632"/>
  <system-out/>
  <testcase classname="com.test.TestNG_Annotations" name="testCompany" time="2.617"/>
  <system-out/>
  <testcase classname="com.test.TestNG_Annotations" name="testResources" time="15.157"/>
  <system-out/>
  <testcase classname="com.test.TestNG_Annotations" name="testRpaLink" time="2.842"/>
  <system-out/>
</testsuite> <!-- com.test.TestNG_Annotations -->
